TN:
SF:src\task.js
FN:2,DoTask
FN:9,addData
FN:18,updateComplete
FN:23,removeData
FN:36,updateLocal
FN:40,editLocal
FNF:6
FNH:4
FNDA:1,DoTask
FNDA:1,addData
FNDA:0,updateComplete
FNDA:1,removeData
FNDA:2,updateLocal
FNDA:0,editLocal
DA:1,1
DA:2,1
DA:3,1
DA:4,1
DA:5,1
DA:6,1
DA:7,1
DA:8,1
DA:9,1
DA:10,1
DA:11,1
DA:12,1
DA:13,1
DA:14,1
DA:15,1
DA:16,1
DA:17,1
DA:18,1
DA:19,0
DA:20,0
DA:21,0
DA:22,1
DA:23,1
DA:24,1
DA:25,1
DA:26,1
DA:27,1
DA:28,1
DA:29,1
DA:30,1
DA:31,0
DA:32,0
DA:33,1
DA:34,1
DA:35,1
DA:36,1
DA:37,2
DA:38,2
DA:39,1
DA:40,1
DA:41,0
DA:42,0
DA:43,0
DA:44,0
DA:45,0
DA:46,1
DA:47,1
DA:48,1
LF:48
LH:38
BRDA:2,0,0,1
BRDA:9,1,0,1
BRDA:23,2,0,1
BRDA:30,3,0,0
BRDA:36,4,0,2
BRF:5
BRH:4
end_of_record
